<?xml version="1.0" encoding="UTF-8"?>
<!-- Generated by org.testng.reporters.JUnitReportReporter -->
<testsuite hostname="DESKTOP-DS6L76P" failures="0" tests="4" name="Q_8.Q8" time="15.842" errors="0" timestamp="2022-09-30T17:20:32 EDT" skipped="0">
  <testcase classname="Q_8.Q8" name="login" time="1.704"/>
  <system-out/>
  <testcase classname="Q_8.Q8" name="login" time="6.783"/>
  <system-out/>
  <testcase classname="Q_8.Q8" name="login" time="5.733"/>
  <system-out/>
  <testcase classname="Q_8.Q8" name="login" time="1.622"/>
  <system-out/>
</testsuite> <!-- Q_8.Q8 -->
