<?xml version="1.0" encoding="UTF-8"?>
<!-- Generated by org.testng.reporters.JUnitReportReporter -->
<testsuite hostname="DESKTOP-DS6L76P" failures="0" tests="2" name="Mobile.MobileApp" time="0.004" errors="0" timestamp="2022-09-29T21:24:48 EDT" skipped="0">
  <testcase classname="Mobile.MobileApp" name="MobileLogout" time="0.002"/>
  <system-out/>
  <testcase classname="Mobile.MobileApp" name="MobileLogin" time="0.002"/>
  <system-out/>
</testsuite> <!-- Mobile.MobileApp -->
