<?xml version="1.0" encoding="UTF-8"?>
<!-- Generated by org.testng.reporters.JUnitReportReporter -->
<testsuite hostname="DESKTOP-DS6L76P" failures="0" tests="1" name="Automation_Action_Item.Q4_Validate_Google_Title" time="4.922" errors="0" timestamp="2022-10-27T18:21:28 EDT" skipped="0">
  <testcase classname="Automation_Action_Item.Q4_Validate_Google_Title" name="Q4" time="4.922"/>
  <system-out/>
</testsuite> <!-- Automation_Action_Item.Q4_Validate_Google_Title -->
