<?xml version="1.0" encoding="UTF-8"?>
<!-- Generated by org.testng.reporters.JUnitReportReporter -->
<testsuite hostname="DESKTOP-DS6L76P" failures="0" tests="1" name="Automation_Action_Item.Q5_Gmail_Validation" time="4.626" errors="0" timestamp="2022-10-27T18:22:38 EDT" skipped="0">
  <testcase classname="Automation_Action_Item.Q5_Gmail_Validation" name="Q5" time="4.626"/>
  <system-out/>
</testsuite> <!-- Automation_Action_Item.Q5_Gmail_Validation -->
