<?xml version="1.0" encoding="UTF-8"?>
<!-- Generated by org.testng.reporters.JUnitReportReporter -->
<testsuite hostname="DESKTOP-DS6L76P" failures="0" tests="1" name="Ipad.IpadApp" time="0.002" errors="0" timestamp="2022-09-29T21:24:48 EDT" skipped="0">
  <testcase classname="Ipad.IpadApp" name="IpadAppLogout" time="0.002"/>
  <system-out/>
</testsuite> <!-- Ipad.IpadApp -->
