<?xml version="1.0" encoding="UTF-8"?>
<!-- Generated by org.testng.reporters.JUnitReportReporter -->
<testsuite hostname="DESKTOP-DS6L76P" failures="0" tests="3" name="Action_Item_9.OpenUpGoogle" time="16.489" errors="0" timestamp="2022-10-06T12:42:26 EDT" skipped="0">
  <testcase classname="Action_Item_9.OpenUpGoogle" name="googleOpenUp" time="7.481"/>
  <system-out/>
  <testcase classname="Action_Item_9.OpenUpGoogle" name="googleOpenUp" time="4.954"/>
  <system-out/>
  <testcase classname="Action_Item_9.OpenUpGoogle" name="googleOpenUp" time="4.054"/>
  <system-out/>
</testsuite> <!-- Action_Item_9.OpenUpGoogle -->
