<?xml version="1.0" encoding="UTF-8"?>
<!-- Generated by org.testng.reporters.JUnitReportReporter -->
<testsuite hostname="DESKTOP-DS6L76P" failures="0" tests="2" name="Web.Webpage" time="0.013" errors="0" timestamp="2022-09-29T21:24:48 EDT" skipped="0">
  <testcase classname="Web.Webpage" name="WebpageLogout" time="0.002"/>
  <system-out/>
  <testcase classname="Web.Webpage" name="WebpageLogin" time="0.011"/>
  <system-out/>
</testsuite> <!-- Web.Webpage -->
