<?xml version="1.0" encoding="UTF-8"?>
<!-- Generated by org.testng.reporters.JUnitReportReporter -->
<testsuite hostname="DESKTOP-DS6L76P" failures="0" tests="1" name="Action_Item_9.Action_Item_Q2" time="3.757" errors="0" timestamp="2022-10-06T13:02:01 EDT" skipped="0">
  <testcase classname="Action_Item_9.Action_Item_Q2" name="Screenshot" time="3.757"/>
  <system-out/>
</testsuite> <!-- Action_Item_9.Action_Item_Q2 -->
