<?xml version="1.0" encoding="UTF-8"?>
<!-- Generated by org.testng.reporters.JUnitReportReporter -->
<testsuite hostname="DESKTOP-DS6L76P" failures="0" tests="1" name="Automation_Action_Item.Q3_TestNG" time="4.222" errors="0" timestamp="2022-10-27T18:01:33 EDT" skipped="0">
  <testcase classname="Automation_Action_Item.Q3_TestNG" name="Q3" time="4.222"/>
  <system-out/>
</testsuite> <!-- Automation_Action_Item.Q3_TestNG -->
