<?xml version="1.0" encoding="UTF-8"?>
<!-- Generated by org.testng.reporters.JUnitReportReporter -->
<testsuite hostname="DESKTOP-DS6L76P" failures="0" tests="1" name="Automation_Action_Item.Q6_Search_Functionality" time="5.346" errors="0" timestamp="2022-10-27T18:21:55 EDT" skipped="0">
  <testcase classname="Automation_Action_Item.Q6_Search_Functionality" name="Q6" time="5.346"/>
  <system-out/>
</testsuite> <!-- Automation_Action_Item.Q6_Search_Functionality -->
