<?xml version="1.0" encoding="UTF-8"?>
<!-- Generated by org.testng.reporters.JUnitReportReporter -->
<testsuite hostname="DESKTOP-DS6L76P" failures="0" tests="1" name="Testss.Testt" time="4.834" errors="0" timestamp="2022-09-30T17:10:32 EDT" skipped="0">
  <testcase classname="Testss.Testt" name="open" time="4.834"/>
  <system-out/>
</testsuite> <!-- Testss.Testt -->
